This file contains any messages produced by compilers while
running configure, to aid debugging if configure makes a mistake.

It was created by HTSlib configure 1.6, which was
generated by GNU Autoconf 2.68.  Invocation command line was

  $ ./configure --disable-option-checking --prefix=/usr/local --cache-file=/dev/null --srcdir=.

## --------- ##
## Platform. ##
## --------- ##

hostname = gpuvannberg
uname -m = x86_64
uname -r = 2.6.32-504.8.1.el6.x86_64
uname -s = Linux
uname -v = #1 SMP Fri Dec 19 12:09:25 EST 2014

/usr/bin/uname -p = unknown
/bin/uname -X     = unknown

/bin/arch              = x86_64
/usr/bin/arch -k       = unknown
/usr/convex/getsysinfo = unknown
/usr/bin/hostinfo      = unknown
/bin/machine           = unknown
/usr/bin/oslevel       = unknown
/bin/universe          = unknown

PATH: /home/hfen3/software/anaconda3/bin
PATH: /home/hfen3/software/bin
PATH: /home/hfen3/software/bin
PATH: /home/hfen3/software/bin
PATH: /home/hfen3/software/anaconda3/bin
PATH: /data2/AHCG2017FALL/bin
PATH: /usr/lib64/qt-3.3/bin
PATH: /opt/matlab/bin
PATH: /usr/local/cuda-5.5/bin
PATH: /usr/local/bin
PATH: /bin
PATH: /usr/bin
PATH: /usr/local/sbin
PATH: /usr/sbin
PATH: /sbin
PATH: /usr/local/rvm/bin
PATH: /home/hfen3/bin


## ----------- ##
## Core tests. ##
## ----------- ##

configure:2135: checking for gcc
configure:2151: found /usr/bin/gcc
configure:2162: result: gcc
configure:2391: checking for C compiler version
configure:2400: gcc --version >&5
gcc (GCC) 4.4.7 20120313 (Red Hat 4.4.7-18)
Copyright (C) 2010 Free Software Foundation, Inc.
This is free software; see the source for copying conditions.  There is NO
warranty; not even for MERCHANTABILITY or FITNESS FOR A PARTICULAR PURPOSE.

configure:2411: $? = 0
configure:2400: gcc -v >&5
Using built-in specs.
Target: x86_64-redhat-linux
Configured with: ../configure --prefix=/usr --mandir=/usr/share/man --infodir=/usr/share/info --with-bugurl=http://bugzilla.redhat.com/bugzilla --enable-bootstrap --enable-shared --enable-threads=posix --enable-checking=release --with-system-zlib --enable-__cxa_atexit --disable-libunwind-exceptions --enable-gnu-unique-object --enable-languages=c,c++,objc,obj-c++,java,fortran,ada --enable-java-awt=gtk --disable-dssi --with-java-home=/usr/lib/jvm/java-1.5.0-gcj-1.5.0.0/jre --enable-libgcj-multifile --enable-java-maintainer-mode --with-ecj-jar=/usr/share/java/eclipse-ecj.jar --disable-libjava-multilib --with-ppl --with-cloog --with-tune=generic --with-arch_32=i686 --build=x86_64-redhat-linux
Thread model: posix
gcc version 4.4.7 20120313 (Red Hat 4.4.7-18) (GCC) 
configure:2411: $? = 0
configure:2400: gcc -V >&5
gcc: '-V' option must have argument
configure:2411: $? = 1
configure:2400: gcc -qversion >&5
gcc: unrecognized option '-qversion'
gcc: no input files
configure:2411: $? = 1
configure:2431: checking whether the C compiler works
configure:2453: gcc    conftest.c  >&5
configure:2457: $? = 0
configure:2505: result: yes
configure:2508: checking for C compiler default output file name
configure:2510: result: a.out
configure:2516: checking for suffix of executables
configure:2523: gcc -o conftest    conftest.c  >&5
configure:2527: $? = 0
configure:2549: result: 
configure:2571: checking whether we are cross compiling
configure:2579: gcc -o conftest    conftest.c  >&5
configure:2583: $? = 0
configure:2590: ./conftest
configure:2594: $? = 0
configure:2609: result: no
configure:2614: checking for suffix of object files
configure:2636: gcc -c   conftest.c >&5
configure:2640: $? = 0
configure:2661: result: o
configure:2665: checking whether we are using the GNU C compiler
configure:2684: gcc -c   conftest.c >&5
configure:2684: $? = 0
configure:2693: result: yes
configure:2702: checking whether gcc accepts -g
configure:2722: gcc -c -g  conftest.c >&5
configure:2722: $? = 0
configure:2763: result: yes
configure:2780: checking for gcc option to accept ISO C89
configure:2844: gcc  -c -g -O2  conftest.c >&5
configure:2844: $? = 0
configure:2857: result: none needed
configure:2920: checking for ranlib
configure:2936: found /usr/bin/ranlib
configure:2947: result: ranlib
configure:3002: checking for special C compiler options needed for large files
configure:3047: result: no
configure:3053: checking for _FILE_OFFSET_BITS value needed for large files
configure:3078: gcc -c -g -O2  conftest.c >&5
configure:3078: $? = 0
configure:3110: result: no
configure:3193: checking for _LARGEFILE_SOURCE value needed for large files
configure:3212: gcc -o conftest -g -O2   conftest.c  >&5
configure:3212: $? = 0
configure:3240: result: no
configure:3323: checking shared library type for unknown-Linux
configure:3351: result: plain .so
configure:3360: checking how to run the C preprocessor
configure:3391: gcc -E  conftest.c
configure:3391: $? = 0
configure:3405: gcc -E  conftest.c
conftest.c:10:28: error: ac_nonexistent.h: No such file or directory
configure:3405: $? = 1
configure: failed program was:
| /* confdefs.h */
| #define PACKAGE_NAME "HTSlib"
| #define PACKAGE_TARNAME "htslib"
| #define PACKAGE_VERSION "1.6"
| #define PACKAGE_STRING "HTSlib 1.6"
| #define PACKAGE_BUGREPORT "samtools-help@lists.sourceforge.net"
| #define PACKAGE_URL "http://www.htslib.org/"
| #define HAVE_FSEEKO 1
| /* end confdefs.h.  */
| #include <ac_nonexistent.h>
configure:3430: result: gcc -E
configure:3450: gcc -E  conftest.c
configure:3450: $? = 0
configure:3464: gcc -E  conftest.c
conftest.c:10:28: error: ac_nonexistent.h: No such file or directory
configure:3464: $? = 1
configure: failed program was:
| /* confdefs.h */
| #define PACKAGE_NAME "HTSlib"
| #define PACKAGE_TARNAME "htslib"
| #define PACKAGE_VERSION "1.6"
| #define PACKAGE_STRING "HTSlib 1.6"
| #define PACKAGE_BUGREPORT "samtools-help@lists.sourceforge.net"
| #define PACKAGE_URL "http://www.htslib.org/"
| #define HAVE_FSEEKO 1
| /* end confdefs.h.  */
| #include <ac_nonexistent.h>
configure:3493: checking for grep that handles long lines and -e
configure:3551: result: /bin/grep
configure:3556: checking for egrep
configure:3618: result: /bin/grep -E
configure:3623: checking for ANSI C header files
configure:3643: gcc -c -g -O2  conftest.c >&5
configure:3643: $? = 0
configure:3716: gcc -o conftest -g -O2   conftest.c  >&5
configure:3716: $? = 0
configure:3716: ./conftest
configure:3716: $? = 0
configure:3727: result: yes
configure:3740: checking for sys/types.h
configure:3740: gcc -c -g -O2  conftest.c >&5
configure:3740: $? = 0
configure:3740: result: yes
configure:3740: checking for sys/stat.h
configure:3740: gcc -c -g -O2  conftest.c >&5
configure:3740: $? = 0
configure:3740: result: yes
configure:3740: checking for stdlib.h
configure:3740: gcc -c -g -O2  conftest.c >&5
configure:3740: $? = 0
configure:3740: result: yes
configure:3740: checking for string.h
configure:3740: gcc -c -g -O2  conftest.c >&5
configure:3740: $? = 0
configure:3740: result: yes
configure:3740: checking for memory.h
configure:3740: gcc -c -g -O2  conftest.c >&5
configure:3740: $? = 0
configure:3740: result: yes
configure:3740: checking for strings.h
configure:3740: gcc -c -g -O2  conftest.c >&5
configure:3740: $? = 0
configure:3740: result: yes
configure:3740: checking for inttypes.h
configure:3740: gcc -c -g -O2  conftest.c >&5
configure:3740: $? = 0
configure:3740: result: yes
configure:3740: checking for stdint.h
configure:3740: gcc -c -g -O2  conftest.c >&5
configure:3740: $? = 0
configure:3740: result: yes
configure:3740: checking for unistd.h
configure:3740: gcc -c -g -O2  conftest.c >&5
configure:3740: $? = 0
configure:3740: result: yes
configure:3758: checking for stdlib.h
configure:3758: result: yes
configure:3758: checking for unistd.h
configure:3758: result: yes
configure:3758: checking for sys/param.h
configure:3758: gcc -c -g -O2  conftest.c >&5
configure:3758: $? = 0
configure:3758: result: yes
configure:3778: checking for getpagesize
configure:3778: gcc -o conftest -g -O2   conftest.c  >&5
configure:3778: $? = 0
configure:3778: result: yes
configure:3787: checking for working mmap
configure:3934: gcc -o conftest -g -O2   conftest.c  >&5
configure:3934: $? = 0
configure:3934: ./conftest
configure:3934: $? = 0
configure:3944: result: yes
configure:3956: checking for gmtime_r
configure:3956: gcc -o conftest -g -O2   conftest.c  >&5
configure:3956: $? = 0
configure:3956: result: yes
configure:3956: checking for fsync
configure:3956: gcc -o conftest -g -O2   conftest.c  >&5
configure:3956: $? = 0
configure:3956: result: yes
configure:3956: checking for drand48
configure:3956: gcc -o conftest -g -O2   conftest.c  >&5
configure:3956: $? = 0
configure:3956: result: yes
configure:3968: checking whether fdatasync is declared
configure:3968: gcc -c -g -O2  conftest.c >&5
configure:3968: $? = 0
configure:3968: result: yes
configure:3972: checking for fdatasync
configure:3972: gcc -o conftest -g -O2   conftest.c  >&5
configure:3972: $? = 0
configure:3972: result: yes
configure:4063: checking for library containing log
configure:4094: gcc -o conftest -g -O2   conftest.c  >&5
conftest.c:36: warning: conflicting types for built-in function 'log'
/tmp/ccD3WuQM.o: In function `main':
/home/hfen3/projects/ahcg2017.pipeline/lib/samtools-1.6/htslib-1.6/conftest.c:40: undefined reference to `log'
collect2: ld returned 1 exit status
configure:4094: $? = 1
configure: failed program was:
| /* confdefs.h */
| #define PACKAGE_NAME "HTSlib"
| #define PACKAGE_TARNAME "htslib"
| #define PACKAGE_VERSION "1.6"
| #define PACKAGE_STRING "HTSlib 1.6"
| #define PACKAGE_BUGREPORT "samtools-help@lists.sourceforge.net"
| #define PACKAGE_URL "http://www.htslib.org/"
| #define HAVE_FSEEKO 1
| #define STDC_HEADERS 1
| #define HAVE_SYS_TYPES_H 1
| #define HAVE_SYS_STAT_H 1
| #define HAVE_STDLIB_H 1
| #define HAVE_STRING_H 1
| #define HAVE_MEMORY_H 1
| #define HAVE_STRINGS_H 1
| #define HAVE_INTTYPES_H 1
| #define HAVE_STDINT_H 1
| #define HAVE_UNISTD_H 1
| #define HAVE_STDLIB_H 1
| #define HAVE_UNISTD_H 1
| #define HAVE_SYS_PARAM_H 1
| #define HAVE_GETPAGESIZE 1
| #define HAVE_MMAP 1
| #define HAVE_GMTIME_R 1
| #define HAVE_FSYNC 1
| #define HAVE_DRAND48 1
| #define HAVE_FDATASYNC 1
| /* end confdefs.h.  */
| 
| /* Override any GCC internal prototype to avoid an error.
|    Use char because int might match the return type of a GCC
|    builtin and then its argument prototype would still apply.  */
| #ifdef __cplusplus
| extern "C"
| #endif
| char log ();
| int
| main ()
| {
| return log ();
|   ;
|   return 0;
| }
configure:4094: gcc -o conftest -g -O2   conftest.c -lm   >&5
conftest.c:36: warning: conflicting types for built-in function 'log'
configure:4094: $? = 0
configure:4111: result: -lm
configure:4126: checking for zlib.h
configure:4126: gcc -c -g -O2  conftest.c >&5
configure:4126: $? = 0
configure:4126: result: yes
configure:4135: checking for inflate in -lz
configure:4160: gcc -o conftest -g -O2   conftest.c -lz  -lm  >&5
configure:4160: $? = 0
configure:4169: result: yes
configure:4195: checking for library containing recv
configure:4226: gcc -o conftest -g -O2   conftest.c -lz -lm  >&5
configure:4226: $? = 0
configure:4243: result: none required
configure:4260: checking for bzlib.h
configure:4260: gcc -c -g -O2  conftest.c >&5
configure:4260: $? = 0
configure:4260: result: yes
configure:4269: checking for BZ2_bzBuffToBuffCompress in -lbz2
configure:4294: gcc -o conftest -g -O2   conftest.c -lbz2  -lz -lm  >&5
configure:4294: $? = 0
configure:4303: result: yes
configure:4340: checking for lzma.h
configure:4340: gcc -c -g -O2  conftest.c >&5
configure:4340: $? = 0
configure:4340: result: yes
configure:4349: checking for lzma_easy_buffer_encode in -llzma
configure:4374: gcc -o conftest -g -O2   conftest.c -llzma  -lbz2 -lz -lm  >&5
configure:4374: $? = 0
configure:4383: result: yes
configure:4416: checking for curl_easy_pause in -lcurl
configure:4441: gcc -o conftest -g -O2   conftest.c -lcurl  -llzma -lbz2 -lz -lm  >&5
configure:4441: $? = 0
configure:4450: result: yes
configure:4566: checking for CCHmac
configure:4566: gcc -o conftest -g -O2   conftest.c -llzma -lbz2 -lz -lm  >&5
/tmp/cciBRoAc.o: In function `main':
/home/hfen3/projects/ahcg2017.pipeline/lib/samtools-1.6/htslib-1.6/conftest.c:68: undefined reference to `CCHmac'
collect2: ld returned 1 exit status
configure:4566: $? = 1
configure: failed program was:
| /* confdefs.h */
| #define PACKAGE_NAME "HTSlib"
| #define PACKAGE_TARNAME "htslib"
| #define PACKAGE_VERSION "1.6"
| #define PACKAGE_STRING "HTSlib 1.6"
| #define PACKAGE_BUGREPORT "samtools-help@lists.sourceforge.net"
| #define PACKAGE_URL "http://www.htslib.org/"
| #define HAVE_FSEEKO 1
| #define STDC_HEADERS 1
| #define HAVE_SYS_TYPES_H 1
| #define HAVE_SYS_STAT_H 1
| #define HAVE_STDLIB_H 1
| #define HAVE_STRING_H 1
| #define HAVE_MEMORY_H 1
| #define HAVE_STRINGS_H 1
| #define HAVE_INTTYPES_H 1
| #define HAVE_STDINT_H 1
| #define HAVE_UNISTD_H 1
| #define HAVE_STDLIB_H 1
| #define HAVE_UNISTD_H 1
| #define HAVE_SYS_PARAM_H 1
| #define HAVE_GETPAGESIZE 1
| #define HAVE_MMAP 1
| #define HAVE_GMTIME_R 1
| #define HAVE_FSYNC 1
| #define HAVE_DRAND48 1
| #define HAVE_FDATASYNC 1
| #define HAVE_LIBZ 1
| #define HAVE_LIBBZ2 1
| #define HAVE_LIBLZMA 1
| #define HAVE_LIBCURL 1
| #define ENABLE_GCS 1
| /* end confdefs.h.  */
| /* Define CCHmac to an innocuous variant, in case <limits.h> declares CCHmac.
|    For example, HP-UX 11i <limits.h> declares gettimeofday.  */
| #define CCHmac innocuous_CCHmac
| 
| /* System header to define __stub macros and hopefully few prototypes,
|     which can conflict with char CCHmac (); below.
|     Prefer <limits.h> to <assert.h> if __STDC__ is defined, since
|     <limits.h> exists even on freestanding compilers.  */
| 
| #ifdef __STDC__
| # include <limits.h>
| #else
| # include <assert.h>
| #endif
| 
| #undef CCHmac
| 
| /* Override any GCC internal prototype to avoid an error.
|    Use char because int might match the return type of a GCC
|    builtin and then its argument prototype would still apply.  */
| #ifdef __cplusplus
| extern "C"
| #endif
| char CCHmac ();
| /* The GNU C library defines this for functions which it implements
|     to always fail with ENOSYS.  Some functions are actually named
|     something starting with __ and the normal name is an alias.  */
| #if defined __stub_CCHmac || defined __stub___CCHmac
| choke me
| #endif
| 
| int
| main ()
| {
| return CCHmac ();
|   ;
|   return 0;
| }
configure:4566: result: no
configure:4573: checking for library containing HMAC
configure:4604: gcc -o conftest -g -O2   conftest.c -llzma -lbz2 -lz -lm  >&5
/tmp/ccWgA97e.o: In function `main':
/home/hfen3/projects/ahcg2017.pipeline/lib/samtools-1.6/htslib-1.6/conftest.c:45: undefined reference to `HMAC'
collect2: ld returned 1 exit status
configure:4604: $? = 1
configure: failed program was:
| /* confdefs.h */
| #define PACKAGE_NAME "HTSlib"
| #define PACKAGE_TARNAME "htslib"
| #define PACKAGE_VERSION "1.6"
| #define PACKAGE_STRING "HTSlib 1.6"
| #define PACKAGE_BUGREPORT "samtools-help@lists.sourceforge.net"
| #define PACKAGE_URL "http://www.htslib.org/"
| #define HAVE_FSEEKO 1
| #define STDC_HEADERS 1
| #define HAVE_SYS_TYPES_H 1
| #define HAVE_SYS_STAT_H 1
| #define HAVE_STDLIB_H 1
| #define HAVE_STRING_H 1
| #define HAVE_MEMORY_H 1
| #define HAVE_STRINGS_H 1
| #define HAVE_INTTYPES_H 1
| #define HAVE_STDINT_H 1
| #define HAVE_UNISTD_H 1
| #define HAVE_STDLIB_H 1
| #define HAVE_UNISTD_H 1
| #define HAVE_SYS_PARAM_H 1
| #define HAVE_GETPAGESIZE 1
| #define HAVE_MMAP 1
| #define HAVE_GMTIME_R 1
| #define HAVE_FSYNC 1
| #define HAVE_DRAND48 1
| #define HAVE_FDATASYNC 1
| #define HAVE_LIBZ 1
| #define HAVE_LIBBZ2 1
| #define HAVE_LIBLZMA 1
| #define HAVE_LIBCURL 1
| #define ENABLE_GCS 1
| /* end confdefs.h.  */
| 
| /* Override any GCC internal prototype to avoid an error.
|    Use char because int might match the return type of a GCC
|    builtin and then its argument prototype would still apply.  */
| #ifdef __cplusplus
| extern "C"
| #endif
| char HMAC ();
| int
| main ()
| {
| return HMAC ();
|   ;
|   return 0;
| }
configure:4604: gcc -o conftest -g -O2   conftest.c -lcrypto  -llzma -lbz2 -lz -lm  >&5
configure:4604: $? = 0
configure:4621: result: -lcrypto
configure:4658: checking whether PTHREAD_MUTEX_RECURSIVE is declared
configure:4658: gcc -c -g -O2  conftest.c >&5
configure:4658: $? = 0
configure:4658: result: yes
configure:4798: creating ./config.status

## ---------------------- ##
## Running config.status. ##
## ---------------------- ##

This file was extended by HTSlib config.status 1.6, which was
generated by GNU Autoconf 2.68.  Invocation command line was

  CONFIG_FILES    = 
  CONFIG_HEADERS  = 
  CONFIG_LINKS    = 
  CONFIG_COMMANDS = 
  $ ./config.status 

on gpuvannberg

config.status:842: creating config.mk
config.status:842: creating htslib.pc.tmp
config.status:842: creating config.h
config.status:1012: config.h is unchanged

## ---------------- ##
## Cache variables. ##
## ---------------- ##

ac_cv_c_compiler_gnu=yes
ac_cv_env_CC_set=
ac_cv_env_CC_value=
ac_cv_env_CFLAGS_set=
ac_cv_env_CFLAGS_value=
ac_cv_env_CPPFLAGS_set=
ac_cv_env_CPPFLAGS_value=
ac_cv_env_CPP_set=
ac_cv_env_CPP_value=
ac_cv_env_LDFLAGS_set=
ac_cv_env_LDFLAGS_value=
ac_cv_env_LIBS_set=
ac_cv_env_LIBS_value=
ac_cv_env_build_alias_set=
ac_cv_env_build_alias_value=
ac_cv_env_host_alias_set=
ac_cv_env_host_alias_value=
ac_cv_env_target_alias_set=
ac_cv_env_target_alias_value=
ac_cv_func_CCHmac=no
ac_cv_func_drand48=yes
ac_cv_func_fdatasync=yes
ac_cv_func_fsync=yes
ac_cv_func_getpagesize=yes
ac_cv_func_gmtime_r=yes
ac_cv_func_mmap_fixed_mapped=yes
ac_cv_have_decl_PTHREAD_MUTEX_RECURSIVE=yes
ac_cv_have_decl_fdatasync_int_=yes
ac_cv_header_bzlib_h=yes
ac_cv_header_inttypes_h=yes
ac_cv_header_lzma_h=yes
ac_cv_header_memory_h=yes
ac_cv_header_stdc=yes
ac_cv_header_stdint_h=yes
ac_cv_header_stdlib_h=yes
ac_cv_header_string_h=yes
ac_cv_header_strings_h=yes
ac_cv_header_sys_param_h=yes
ac_cv_header_sys_stat_h=yes
ac_cv_header_sys_types_h=yes
ac_cv_header_unistd_h=yes
ac_cv_header_zlib_h=yes
ac_cv_lib_bz2_BZ2_bzBuffToBuffCompress=yes
ac_cv_lib_curl_curl_easy_pause=yes
ac_cv_lib_lzma_lzma_easy_buffer_encode=yes
ac_cv_lib_z_inflate=yes
ac_cv_objext=o
ac_cv_path_EGREP='/bin/grep -E'
ac_cv_path_GREP=/bin/grep
ac_cv_prog_CPP='gcc -E'
ac_cv_prog_ac_ct_CC=gcc
ac_cv_prog_ac_ct_RANLIB=ranlib
ac_cv_prog_cc_c89=
ac_cv_prog_cc_g=yes
ac_cv_search_HMAC=-lcrypto
ac_cv_search_log=-lm
ac_cv_search_recv='none required'
ac_cv_sys_file_offset_bits=no
ac_cv_sys_largefile_CC=no
ac_cv_sys_largefile_source=no

## ----------------- ##
## Output variables. ##
## ----------------- ##

CC='gcc'
CFLAGS='-g -O2'
CPP='gcc -E'
CPPFLAGS=''
CRYPTO_LIBS='-lcrypto'
DEFS='-DHAVE_CONFIG_H'
ECHO_C=''
ECHO_N='-n'
ECHO_T=''
EGREP='/bin/grep -E'
EXEEXT=''
GREP='/bin/grep'
LDFLAGS=''
LIBOBJS=''
LIBS='-llzma -lbz2 -lz -lm '
LTLIBOBJS=''
OBJEXT='o'
PACKAGE_BUGREPORT='samtools-help@lists.sourceforge.net'
PACKAGE_NAME='HTSlib'
PACKAGE_STRING='HTSlib 1.6'
PACKAGE_TARNAME='htslib'
PACKAGE_URL='http://www.htslib.org/'
PACKAGE_VERSION='1.6'
PATH_SEPARATOR=':'
PLATFORM='default'
PLUGIN_EXT='.so'
RANLIB='ranlib'
SHELL='/bin/sh'
ac_ct_CC='gcc'
bindir='${exec_prefix}/bin'
build_alias=''
datadir='${datarootdir}'
datarootdir='${prefix}/share'
docdir='${datarootdir}/doc/${PACKAGE_TARNAME}'
dvidir='${docdir}'
enable_plugins='no'
exec_prefix='${prefix}'
gcs='enabled'
host_alias='unknown-Linux'
htmldir='${docdir}'
includedir='${prefix}/include'
infodir='${datarootdir}/info'
libcurl='enabled'
libdir='${exec_prefix}/lib'
libexecdir='${exec_prefix}/libexec'
localedir='${datarootdir}/locale'
localstatedir='${prefix}/var'
mandir='${datarootdir}/man'
oldincludedir='/usr/include'
pc_requires=' liblzma'
pdfdir='${docdir}'
plugindir='$(libexecdir)/htslib'
pluginpath='$(libexecdir)/htslib'
prefix='/usr/local'
private_LIBS=' -lbz2'
program_transform_name='s,x,x,'
psdir='${docdir}'
s3='enabled'
sbindir='${exec_prefix}/sbin'
sharedstatedir='${prefix}/com'
static_LDFLAGS=''
static_LIBS='-lz -lm -lbz2 -llzma -lcurl -lcrypto'
sysconfdir='${prefix}/etc'
target_alias=''

## ----------- ##
## confdefs.h. ##
## ----------- ##

/* confdefs.h */
#define PACKAGE_NAME "HTSlib"
#define PACKAGE_TARNAME "htslib"
#define PACKAGE_VERSION "1.6"
#define PACKAGE_STRING "HTSlib 1.6"
#define PACKAGE_BUGREPORT "samtools-help@lists.sourceforge.net"
#define PACKAGE_URL "http://www.htslib.org/"
#define HAVE_FSEEKO 1
#define STDC_HEADERS 1
#define HAVE_SYS_TYPES_H 1
#define HAVE_SYS_STAT_H 1
#define HAVE_STDLIB_H 1
#define HAVE_STRING_H 1
#define HAVE_MEMORY_H 1
#define HAVE_STRINGS_H 1
#define HAVE_INTTYPES_H 1
#define HAVE_STDINT_H 1
#define HAVE_UNISTD_H 1
#define HAVE_STDLIB_H 1
#define HAVE_UNISTD_H 1
#define HAVE_SYS_PARAM_H 1
#define HAVE_GETPAGESIZE 1
#define HAVE_MMAP 1
#define HAVE_GMTIME_R 1
#define HAVE_FSYNC 1
#define HAVE_DRAND48 1
#define HAVE_FDATASYNC 1
#define HAVE_LIBZ 1
#define HAVE_LIBBZ2 1
#define HAVE_LIBLZMA 1
#define HAVE_LIBCURL 1
#define ENABLE_GCS 1
#define HAVE_HMAC 1
#define ENABLE_S3 1

configure: exit 0
